Exception at PC 0x00007FFE96DAE132
Attemped to write at address 0x00007FFECB524AA4
Printing stacktrace...

[0]  [0x00007FFE96DAE132]
[1]  [0x00007FFE96DAE132]
[2]  [0x00007FFE96DAE194]
[3]  [0x00007FFE969FD0D7]
[4]  [0x00007FFE968E2BCA]
[5]  [0x00007FFE968E2FD1]
[6]  [0x00007FFE96DAEB2F]
[7]  [0x00007FFE96C6C19D]
[8]  [0x00007FFE96C65942]
[9]  [0x00007FFE96C65AB5]
[10] (RtlActivateActivationContextUnsafeFast+0x12f) [0x00007FFF3CA1868F]
[11] (LdrShutdownProcess+0x176) [0x00007FFF3CA41096]
[12] (RtlExitUserProcess+0xad) [0x00007FFF3CA40C8D]
[13] (ExitProcess+0xb) [0x00007FFF3B957FAB]
[14] (exit+0x8d) [0x00007FFF3C6CD7BD]
[15] (initterm_e+0x25b) [0x00007FFF3C6CDE3B]
[16]  [0x00000000004014CD]
[17]  [0x000000000040151B]
[18] (BaseThreadInitThunk+0x1d) [0x00007FFF3B95257D]
[19] (RtlUserThreadStart+0x28) [0x00007FFF3CA4AA68]
Done
