Exception at PC 0x00007FFBEF42E132
Attemped to write at address 0x00007FFCBDB14AA4
Printing stacktrace...

[0]  [0x00007FFBEF42E132]
[1]  [0x00007FFBEF42E132]
[2]  [0x00007FFBEF42E194]
[3]  [0x00007FFBEF07D0D7]
[4]  [0x00007FFBEEF62BCA]
[5]  [0x00007FFBEEF62FD1]
[6]  [0x00007FFBEF42EB2F]
[7]  [0x00007FFBEF2EC19D]
[8]  [0x00007FFBEF2E5942]
[9]  [0x00007FFBEF2E5AB5]
[10] (RtlActivateActivationContextUnsafeFast+0x12f) [0x00007FFCDBE5868F]
[11] (LdrShutdownProcess+0x176) [0x00007FFCDBE81096]
[12] (RtlExitUserProcess+0xad) [0x00007FFCDBE80C8D]
[13] (ExitProcess+0xb) [0x00007FFCDA397FAB]
[14] (exit+0x8d) [0x00007FFCDAB7D7BD]
[15] (initterm_e+0x25b) [0x00007FFCDAB7DE3B]
[16]  [0x00000000004014CD]
[17]  [0x000000000040151B]
[18] (BaseThreadInitThunk+0x1d) [0x00007FFCDA39257D]
[19] (RtlUserThreadStart+0x28) [0x00007FFCDBE8AA68]
Done
