Exception at PC 0x00007FFB48BC531C
Exception at PC 0x00007FFB04A9E132
Attemped to write at address 0x00007FFA8B0D4AA4
Printing stacktrace...

[0]  [0x00007FFB04A9E132]
[1]  [0x00007FFB04A9E132]
[2]  [0x00007FFB04A9E194]
[3]  [0x00007FFB046ED0D7]
[4]  [0x00007FFB045D2BCA]
[5]  [0x00007FFB045D2FD1]
[6]  [0x00007FFB04A9EB2F]
[7]  [0x00007FFB0495C19D]
[8]  [0x00007FFB04955942]
[9]  [0x00007FFB04955AB5]
[10] (RtlActivateActivationContextUnsafeFast+0x12f) [0x00007FFB4B55868F]
[11] (LdrShutdownProcess+0x176) [0x00007FFB4B581096]
[12] (RtlExitUserProcess+0xad) [0x00007FFB4B580C8D]
[13] (ExitProcess+0xb) [0x00007FFB4A557FAB]
[14] (exit+0x8d) [0x00007FFB4957D7BD]
[15] (initterm_e+0x25b) [0x00007FFB4957DE3B]
[16]  [0x00000000004014CD]
[17]  [0x000000000040151B]
[18] (BaseThreadInitThunk+0x1d) [0x00007FFB4A55257D]
[19] (RtlUserThreadStart+0x28) [0x00007FFB4B58AA68]
Done
