#-----------------------------------------------------------
# Vivado v2017.4 (64-bit)
# SW Build 2086221 on Fri Dec 15 20:55:39 MST 2017
# IP Build 2085800 on Fri Dec 15 22:25:07 MST 2017
# Start of session at: Tue Sep 19 16:53:02 2023
# Process ID: 16792
# Current directory: C:/Users/Langchu HUANG/OneDrive - SUSTech/Desktop/code/DigitalLogic/project_week2
# Command line: vivado.exe -gui_launcher_event rodinguilauncherevent14452 C:\Users\Langchu HUANG\OneDrive - SUSTech\Desktop\code\DigitalLogic\project_week2\project_week2.xpr
# Log file: C:/Users/Langchu HUANG/OneDrive - SUSTech/Desktop/code/DigitalLogic/project_week2/vivado.log
# Journal file: C:/Users/Langchu HUANG/OneDrive - SUSTech/Desktop/code/DigitalLogic/project_week2\vivado.jou
#-----------------------------------------------------------
start_gui
open_project {C:/Users/Langchu HUANG/OneDrive - SUSTech/Desktop/code/DigitalLogic/project_week2/project_week2.xpr}
INFO: [ProjectBase 1-489] The host OS only allows 260 characters in a normal path. The project is stored in a path with more than 80 characters. If you experience issues with IP, Block Designs, or files not being found, please consider moving the project to a location with a shorter path. Alternately consider using the OS subst command to map part of the path to a drive letter.
Current project path is 'C:/Users/Langchu HUANG/OneDrive - SUSTech/Desktop/code/DigitalLogic/project_week2'
Scanning sources...
Finished scanning sources
INFO: [IP_Flow 19-234] Refreshing IP repositories
INFO: [IP_Flow 19-1704] No user IP repositories specified
INFO: [IP_Flow 19-2313] Loaded Vivado IP repository 'C:/Vivado/2017.4/data/ip'.
update_compile_order -fileset sources_1
synth_design -rtl -name rtl_1
Command: synth_design -rtl -name rtl_1
Starting synth_design
Using part: xc7a35tcsg324-1
Top: lab2_p1
---------------------------------------------------------------------------------
Starting RTL Elaboration : Time (s): cpu = 00:00:08 ; elapsed = 00:00:08 . Memory (MB): peak = 831.281 ; gain = 49.668
---------------------------------------------------------------------------------
INFO: [Synth 8-638] synthesizing module 'lab2_p1' [C:/Users/Langchu HUANG/OneDrive - SUSTech/Desktop/code/DigitalLogic/project_week2/project_week2.srcs/sources_1/new/lab2_p1.v:23]
INFO: [Synth 8-256] done synthesizing module 'lab2_p1' (1#1) [C:/Users/Langchu HUANG/OneDrive - SUSTech/Desktop/code/DigitalLogic/project_week2/project_week2.srcs/sources_1/new/lab2_p1.v:23]
